2021-04-17 01:51:39,279 - updater.py - INFO - 749 - Received signal 2 (SIGINT), stopping...
2021-04-17 01:51:41,610 - main.py - INFO - 60 - Process started...
2021-04-17 01:53:25,817 - commands.py - INFO - 15 - /start was used by @Hoppingturtles
2021-04-17 01:53:25,817 - error_handler.py - ERROR - 10 - Exception while handling an update:
Traceback (most recent call last):
  File "/home/hoppingturtles/.local/lib/python3.8/site-packages/telegram/ext/dispatcher.py", line 479, in process_update
    handler.handle_update(update, self, check, context)
  File "/home/hoppingturtles/.local/lib/python3.8/site-packages/telegram/ext/handler.py", line 194, in handle_update
    return self.callback(update, context)
  File "/media/sf_pyprojects/twitterbot/tg/commands.py", line 16, in command_start
    raise telegram.error.BadRequest('Query was too old or')
telegram.error.BadRequest: Query was too old or
2021-04-17 01:54:21,318 - updater.py - INFO - 749 - Received signal 2 (SIGINT), stopping...
2021-04-17 01:54:26,734 - main.py - INFO - 60 - Process started...
2021-04-17 01:54:27,991 - commands.py - INFO - 15 - /start was used by @Hoppingturtles
2021-04-17 01:54:27,991 - error_handler.py - ERROR - 11 - Exception while handling an update:
Traceback (most recent call last):
  File "/home/hoppingturtles/.local/lib/python3.8/site-packages/telegram/ext/dispatcher.py", line 479, in process_update
    handler.handle_update(update, self, check, context)
  File "/home/hoppingturtles/.local/lib/python3.8/site-packages/telegram/ext/handler.py", line 194, in handle_update
    return self.callback(update, context)
  File "/media/sf_pyprojects/twitterbot/tg/commands.py", line 16, in command_start
    raise telegram.error.BadRequest('Query was too old or')
telegram.error.BadRequest: Query was too old or
2021-04-17 02:02:21,324 - updater.py - INFO - 749 - Received signal 2 (SIGINT), stopping...
2021-04-17 02:02:25,133 - main.py - INFO - 60 - Process started...
2021-04-17 02:02:31,047 - commands.py - INFO - 15 - /start was used by @Hoppingturtles
2021-04-17 02:02:31,047 - error_handler.py - ERROR - 13 - Gone wrong. 
Traceback (most recent call last):
  File "/home/hoppingturtles/.local/lib/python3.8/site-packages/telegram/ext/dispatcher.py", line 479, in process_update
    handler.handle_update(update, self, check, context)
  File "/home/hoppingturtles/.local/lib/python3.8/site-packages/telegram/ext/handler.py", line 194, in handle_update
    return self.callback(update, context)
  File "/media/sf_pyprojects/twitterbot/tg/commands.py", line 16, in command_start
    raise telegram.error.BadRequest('Query was too old or')
telegram.error.BadRequest: Query was too old or
2021-04-17 02:08:11,149 - updater.py - INFO - 749 - Received signal 2 (SIGINT), stopping...
2021-04-17 02:08:15,821 - main.py - INFO - 60 - Process started...
2021-04-17 02:08:18,326 - commands.py - INFO - 15 - /start was used by @Hoppingturtles
2021-04-17 02:08:18,326 - error_handler.py - ERROR - 13 - Gone wrong. 
Traceback (most recent call last):
  File "/home/hoppingturtles/.local/lib/python3.8/site-packages/telegram/ext/dispatcher.py", line 479, in process_update
    handler.handle_update(update, self, check, context)
  File "/home/hoppingturtles/.local/lib/python3.8/site-packages/telegram/ext/handler.py", line 194, in handle_update
    return self.callback(update, context)
  File "/media/sf_pyprojects/twitterbot/tg/commands.py", line 16, in command_start
    raise telegram.error.BadRequest('Query was too old or')
telegram.error.BadRequest: Query was too old or
2021-04-17 02:08:35,170 - updater.py - INFO - 749 - Received signal 2 (SIGINT), stopping...
2021-04-17 02:08:38,621 - main.py - INFO - 60 - Process started...
2021-04-17 02:08:41,192 - commands.py - INFO - 15 - /start was used by @Hoppingturtles
2021-04-17 02:08:41,192 - error_handler.py - ERROR - 13 - Gone wrong. 
Traceback (most recent call last):
  File "/home/hoppingturtles/.local/lib/python3.8/site-packages/telegram/ext/dispatcher.py", line 479, in process_update
    handler.handle_update(update, self, check, context)
  File "/home/hoppingturtles/.local/lib/python3.8/site-packages/telegram/ext/handler.py", line 194, in handle_update
    return self.callback(update, context)
  File "/media/sf_pyprojects/twitterbot/tg/commands.py", line 16, in command_start
    raise telegram.error.BadRequest('Query was too old or')
telegram.error.BadRequest: Query was too old or
2021-04-17 02:09:14,001 - updater.py - INFO - 749 - Received signal 2 (SIGINT), stopping...
2021-04-17 02:09:21,763 - main.py - INFO - 60 - Process started...
2021-04-17 02:09:28,517 - commands.py - INFO - 15 - /start was used by @Hoppingturtles
2021-04-17 02:09:28,517 - error_handler.py - ERROR - 15 - Gone wrong. 
Traceback (most recent call last):
  File "/home/hoppingturtles/.local/lib/python3.8/site-packages/telegram/ext/dispatcher.py", line 479, in process_update
    handler.handle_update(update, self, check, context)
  File "/home/hoppingturtles/.local/lib/python3.8/site-packages/telegram/ext/handler.py", line 194, in handle_update
    return self.callback(update, context)
  File "/media/sf_pyprojects/twitterbot/tg/commands.py", line 16, in command_start
    raise telegram.error.BadRequest('Query was too old or')
telegram.error.BadRequest: Query was too old or
2021-04-17 02:10:15,789 - updater.py - INFO - 749 - Received signal 2 (SIGINT), stopping...
2021-04-17 02:10:19,240 - main.py - INFO - 60 - Process started...
2021-04-17 02:10:21,965 - commands.py - INFO - 15 - /start was used by @Hoppingturtles
2021-04-17 02:10:21,965 - error_handler.py - ERROR - 12 - {'BadRequest()'}
2021-04-17 02:12:54,177 - chosen_inline.py - INFO - 8 - Query was blahdfsdhfashfdsfdfadsf, by: @Hoppingturtles
2021-04-17 02:59:18,518 - updater.py - INFO - 749 - Received signal 2 (SIGINT), stopping...
2021-04-17 02:59:26,624 - main.py - INFO - 60 - Process started...
2021-04-17 02:59:38,973 - chosen_inline.py - INFO - 8 - Query was @Tesla, by: @Hoppingturtles
2021-04-17 02:59:42,285 - inline.py - INFO - 90 - next clicked for tweet_id='1382935987681116160' to move to new_page=2 from page=1.
2021-04-17 02:59:46,606 - inline.py - INFO - 90 - prev clicked for tweet_id='1382935987681116160' to move to new_page=1 from page=2.
2021-04-17 03:04:35,619 - updater.py - INFO - 749 - Received signal 2 (SIGINT), stopping...
